<?xml version="1.0" encoding="UTF-8"?><testsuites time="3.89"><testsuite name="admin visual tests" tests="2" failures="0" errors="0" time="3.89" timestamp="2016-04-28T12:23:57.616Z" package="sievo.administration.test"><testcase name="No changes found for screenshot C:/Development/Tarmo/SievoWeb/Sievo.Ppm/ScriptTests/VisualRegression/screenshots\admin #content_0.png" classname="sievo.administration.test" time="3.4"/><testcase name="No changes found for screenshot C:/Development/Tarmo/SievoWeb/Sievo.Ppm/ScriptTests/VisualRegression/screenshots\admin #addUserForm_1.png" classname="sievo.administration.test" time="0.49"/><system-out><![CDATA[]]></system-out></testsuite></testsuites>