<?xml version="1.0" encoding="UTF-8"?><testsuites time="6.617"><testsuite name="contracs visual tests" tests="4" failures="0" errors="0" time="6.617" timestamp="2016-04-26T06:29:01.510Z" package=".\sievo.contracts.test"><testcase name="No changes found for screenshot C:/Development/Tarmo/SievoWeb/Sievo.Ppm/ScriptTests/VisualRegression/screenshots\contracts-main-wrapper_0.png" classname=".\sievo.contracts.test" time="5.644"/><testcase name="No changes found for screenshot C:/Development/Tarmo/SievoWeb/Sievo.Ppm/ScriptTests/VisualRegression/screenshots\contracts #content_1.png" classname=".\sievo.contracts.test" time="0.403"/><testcase name="No changes found for screenshot C:/Development/Tarmo/SievoWeb/Sievo.Ppm/ScriptTests/VisualRegression/screenshots\contracts editContractController_2.png" classname=".\sievo.contracts.test" time="0.36"/><testcase name="No changes found for screenshot C:/Development/Tarmo/SievoWeb/Sievo.Ppm/ScriptTests/VisualRegression/screenshots\contracts transferOwnership_3.png" classname=".\sievo.contracts.test" time="0.21"/><system-out><![CDATA[]]></system-out></testsuite></testsuites>