<?xml version="1.0" encoding="UTF-8"?><testsuites time="6.764"><testsuite name="contracs visual tests" tests="4" failures="0" errors="0" time="6.764" timestamp="2016-04-28T12:23:44.801Z" package="sievo.contracts.test"><testcase name="No changes found for screenshot C:/Development/Tarmo/SievoWeb/Sievo.Ppm/ScriptTests/VisualRegression/screenshots\contracts-main-wrapper_0.png" classname="sievo.contracts.test" time="5.763"/><testcase name="No changes found for screenshot C:/Development/Tarmo/SievoWeb/Sievo.Ppm/ScriptTests/VisualRegression/screenshots\contracts #content_1.png" classname="sievo.contracts.test" time="0.395"/><testcase name="No changes found for screenshot C:/Development/Tarmo/SievoWeb/Sievo.Ppm/ScriptTests/VisualRegression/screenshots\contracts editContractController_2.png" classname="sievo.contracts.test" time="0.4"/><testcase name="No changes found for screenshot C:/Development/Tarmo/SievoWeb/Sievo.Ppm/ScriptTests/VisualRegression/screenshots\contracts transferOwnership_3.png" classname="sievo.contracts.test" time="0.206"/><system-out><![CDATA[]]></system-out></testsuite></testsuites>