<?xml version="1.0" encoding="UTF-8"?><testsuites time="5.569"><testsuite name="Budgeting visual tests" tests="5" failures="0" errors="0" time="5.569" timestamp="2016-04-28T12:23:52.044Z" package="sievo.budgeting.test"><testcase name="No changes found for screenshot C:/Development/Tarmo/SievoWeb/Sievo.Ppm/ScriptTests/VisualRegression/screenshots\budgeting main initial_0.png" classname="sievo.budgeting.test" time="4.549"/><testcase name="No changes found for screenshot C:/Development/Tarmo/SievoWeb/Sievo.Ppm/ScriptTests/VisualRegression/screenshots\new budget round panel_1.png" classname="sievo.budgeting.test" time="0.25"/><testcase name="No changes found for screenshot C:/Development/Tarmo/SievoWeb/Sievo.Ppm/ScriptTests/VisualRegression/screenshots\budgeting main - round added_2.png" classname="sievo.budgeting.test" time="0.24"/><testcase name="No changes found for screenshot C:/Development/Tarmo/SievoWeb/Sievo.Ppm/ScriptTests/VisualRegression/screenshots\new budget frame_3.png" classname="sievo.budgeting.test" time="0.269"/><testcase name="No changes found for screenshot C:/Development/Tarmo/SievoWeb/Sievo.Ppm/ScriptTests/VisualRegression/screenshots\budgeting main - frame added_4.png" classname="sievo.budgeting.test" time="0.261"/><system-out><![CDATA[]]></system-out></testsuite></testsuites>