<?xml version="1.0" encoding="UTF-8"?><testsuites time="5.397"><testsuite name="contracs visual tests" tests="4" failures="0" errors="0" time="5.397" timestamp="2016-04-22T09:58:20.364Z" package=".\sievo.contracts.test"><testcase name="No changes found for screenshot C:/Development/Tarmo/SievoWeb/Sievo.Ppm.AcceptanceTests/VisualRegression/screenshots\contracts-main-wrapper_0.png" classname=".\sievo.contracts.test" time="4.387"/><testcase name="No changes found for screenshot C:/Development/Tarmo/SievoWeb/Sievo.Ppm.AcceptanceTests/VisualRegression/screenshots\contracts #content_1.png" classname=".\sievo.contracts.test" time="0.411"/><testcase name="No changes found for screenshot C:/Development/Tarmo/SievoWeb/Sievo.Ppm.AcceptanceTests/VisualRegression/screenshots\contracts editContractController_2.png" classname=".\sievo.contracts.test" time="0.366"/><testcase name="No changes found for screenshot C:/Development/Tarmo/SievoWeb/Sievo.Ppm.AcceptanceTests/VisualRegression/screenshots\contracts transferOwnership_3.png" classname=".\sievo.contracts.test" time="0.233"/><system-out><![CDATA[]]></system-out></testsuite></testsuites>